<?xml version="1.0" encoding="UTF-8"?>
<testsuite xmlns:xsi="http://www.w3.org/2001/XMLSchema-instance" xsi:noNamespaceSchemaLocation="https://maven.apache.org/surefire/maven-surefire-plugin/xsd/surefire-test-report-3.0.xsd" version="3.0" name="com.examly.AppTest" time="0.259" tests="26" errors="0" skipped="0" failures="0">
  <properties>
[...]
</properties>
  <testcase name="testEntityFolder" classname="com.examly.AppTest" time="0.013"/>
  <testcase name="testExceptionFolder" classname="com.examly.AppTest" time="0.001"/>
  <testcase name="testServiceFolder" classname="com.examly.AppTest" time="0.001"/>
  <testcase name="testCustomerInsertQueryExists" classname="com.examly.AppTest" time="0.002"/>
  <testcase name="testRestaurantInsertQueryExists" classname="com.examly.AppTest" time="0.001"/>
  <testcase name="testMenuInsertQueryExists" classname="com.examly.AppTest" time="0.001"/>
  <testcase name="testOrderInsertQueryExists" classname="com.examly.AppTest" time="0"/>
  <testcase name="testCustomerFileExists" classname="com.examly.AppTest" time="0.001"/>
  <testcase name="testMenuFileExists" classname="com.examly.AppTest" time="0.001"/>
  <testcase name="testOrderFileExists" classname="com.examly.AppTest" time="0"/>
  <testcase name="testOrderItemFileExists" classname="com.examly.AppTest" time="0.001"/>
  <testcase name="testPaymentFileExists" classname="com.examly.AppTest" time="0.001"/>
  <testcase name="testRestaurantFileExists" classname="com.examly.AppTest" time="0.001"/>
  <testcase name="testEmaliAlreadyRegisteredExceptionFile" classname="com.examly.AppTest" time="0"/>
  <testcase name="testRestaurantNotFoundExceptionFile" classname="com.examly.AppTest" time="0"/>
  <testcase name="testCustomerServiceFile" classname="com.examly.AppTest" time="0.001"/>
  <testcase name="testCustomerServiceImplFile" classname="com.examly.AppTest" time="0.001"/>
  <testcase name="testRestaurantServiceFile" classname="com.examly.AppTest" time="0.001"/>
  <testcase name="testRestaurantServiceImplFile" classname="com.examly.AppTest" time="0.001"/>
  <testcase name="testMenuServiceFile" classname="com.examly.AppTest" time="0.001"/>
  <testcase name="testMenuServiceImplFile" classname="com.examly.AppTest" time="0.001"/>
  <testcase name="testOrderServiceFile" classname="com.examly.AppTest" time="0.001"/>
  <testcase name="testOrderServiceImplFile" classname="com.examly.AppTest" time="0.001"/>
  <testcase name="testPaymentServiceFile" classname="com.examly.AppTest" time="0"/>
  <testcase name="testPaymentServiceImplFile" classname="com.examly.AppTest" time="0"/>
  <testcase name="testCustomerRegistration" classname="com.examly.AppTest" time="0.04">
    <system-out><![CDATA[Row count before: 1
Row count after: 2
]]></system-out>
  </testcase>
</testsuite>